20230303 21:03:18 INFO  [main] tests.StepDefinitionForSalesForce StepDefinitionForSalesForce.java38 - From Logger : BeforeALL cucumber
20230303 21:03:22 INFO  [main] tests.StepDefinitionForSalesForce StepDefinitionForSalesForce.java55 - inside Cucumber Given
20230303 21:03:25 INFO  [main] tests.StepDefinitionForSalesForce StepDefinitionForSalesForce.java64 - inside TC1 Login Error Message
20230303 21:03:30 INFO  [main] tests.StepDefinitionForSalesForce StepDefinitionForSalesForce.java55 - inside Cucumber Given
20230303 21:03:32 INFO  [main] tests.StepDefinitionForSalesForce StepDefinitionForSalesForce.java99 - inside TC2 Correct Username and Password
20230303 21:03:39 INFO  [main] tests.StepDefinitionForSalesForce StepDefinitionForSalesForce.java55 - inside Cucumber Given
20230303 21:03:42 INFO  [main] tests.StepDefinitionForSalesForce StepDefinitionForSalesForce.java99 - inside TC2 Correct Username and Password
20230303 21:03:51 INFO  [main] tests.StepDefinitionForSalesForce StepDefinitionForSalesForce.java55 - inside Cucumber Given
20230303 21:03:53 INFO  [main] tests.StepDefinitionForSalesForce StepDefinitionForSalesForce.java151 - inside TC4A Forgot Password
20230303 21:04:00 INFO  [main] tests.StepDefinitionForSalesForce StepDefinitionForSalesForce.java55 - inside Cucumber Given
20230303 21:04:03 INFO  [main] tests.StepDefinitionForSalesForce StepDefinitionForSalesForce.java64 - inside TC1 Login Error Message
20230303 21:04:03 INFO  [main] tests.StepDefinitionForSalesForce StepDefinitionForSalesForce.java200 - inside TC4B wrong Username and wrong Password
20230303 21:09:26 INFO  [main] tests.StepDefinitionForSalesForce StepDefinitionForSalesForce.java38 - From Logger : BeforeALL cucumber
20230303 21:09:31 INFO  [main] tests.StepDefinitionForSalesForce StepDefinitionForSalesForce.java55 - inside Cucumber Given
20230303 21:09:34 INFO  [main] tests.StepDefinitionForSalesForce StepDefinitionForSalesForce.java64 - inside TC1 Login Error Message
20230303 21:09:39 INFO  [main] tests.StepDefinitionForSalesForce StepDefinitionForSalesForce.java55 - inside Cucumber Given
20230303 21:09:41 INFO  [main] tests.StepDefinitionForSalesForce StepDefinitionForSalesForce.java99 - inside TC2 Correct Username and Password
20230303 21:09:54 INFO  [main] tests.StepDefinitionForSalesForce StepDefinitionForSalesForce.java55 - inside Cucumber Given
20230303 21:09:56 INFO  [main] tests.StepDefinitionForSalesForce StepDefinitionForSalesForce.java99 - inside TC2 Correct Username and Password
20230303 21:10:04 INFO  [main] tests.StepDefinitionForSalesForce StepDefinitionForSalesForce.java125 - inside TC3 Login with Remember Username
20230303 21:10:09 INFO  [main] tests.StepDefinitionForSalesForce StepDefinitionForSalesForce.java55 - inside Cucumber Given
20230303 21:10:12 INFO  [main] tests.StepDefinitionForSalesForce StepDefinitionForSalesForce.java151 - inside TC4A Forgot Password
20230303 21:10:19 INFO  [main] tests.StepDefinitionForSalesForce StepDefinitionForSalesForce.java55 - inside Cucumber Given
20230303 21:10:21 INFO  [main] tests.StepDefinitionForSalesForce StepDefinitionForSalesForce.java64 - inside TC1 Login Error Message
20230303 21:10:21 INFO  [main] tests.StepDefinitionForSalesForce StepDefinitionForSalesForce.java200 - inside TC4B wrong Username and wrong Password
20230303 21:38:35 INFO  [main] tests.StepDefinitionForSalesForce StepDefinitionForSalesForce.java38 - From Logger : BeforeALL cucumber
20230303 21:38:40 INFO  [main] tests.StepDefinitionForSalesForce StepDefinitionForSalesForce.java55 - inside Cucumber Given
20230303 21:38:43 INFO  [main] tests.StepDefinitionForSalesForce StepDefinitionForSalesForce.java64 - inside TC1 Login Error Message
20230303 21:38:48 INFO  [main] tests.StepDefinitionForSalesForce StepDefinitionForSalesForce.java55 - inside Cucumber Given
20230303 21:38:51 INFO  [main] tests.StepDefinitionForSalesForce StepDefinitionForSalesForce.java99 - inside TC2 Correct Username and Password
20230303 21:39:01 INFO  [main] tests.StepDefinitionForSalesForce StepDefinitionForSalesForce.java55 - inside Cucumber Given
20230303 21:39:04 INFO  [main] tests.StepDefinitionForSalesForce StepDefinitionForSalesForce.java99 - inside TC2 Correct Username and Password
20230303 21:39:11 INFO  [main] tests.StepDefinitionForSalesForce StepDefinitionForSalesForce.java55 - inside Cucumber Given
20230303 21:39:13 INFO  [main] tests.StepDefinitionForSalesForce StepDefinitionForSalesForce.java151 - inside TC4A Forgot Password
20230303 21:39:21 INFO  [main] tests.StepDefinitionForSalesForce StepDefinitionForSalesForce.java55 - inside Cucumber Given
20230303 21:39:23 INFO  [main] tests.StepDefinitionForSalesForce StepDefinitionForSalesForce.java64 - inside TC1 Login Error Message
20230303 21:39:23 INFO  [main] tests.StepDefinitionForSalesForce StepDefinitionForSalesForce.java200 - inside TC4B wrong Username and wrong Password
20230303 22:06:08 INFO  [main] tests.StepDefinitionForSalesForce StepDefinitionForSalesForce.java38 - From Logger : BeforeALL cucumber
20230303 22:06:14 INFO  [main] tests.StepDefinitionForSalesForce StepDefinitionForSalesForce.java55 - inside Cucumber Given
20230303 22:06:17 INFO  [main] tests.StepDefinitionForSalesForce StepDefinitionForSalesForce.java64 - inside TC1 Login Error Message
20230303 22:06:22 INFO  [main] tests.StepDefinitionForSalesForce StepDefinitionForSalesForce.java55 - inside Cucumber Given
20230303 22:06:24 INFO  [main] tests.StepDefinitionForSalesForce StepDefinitionForSalesForce.java99 - inside TC2 Correct Username and Password
20230303 22:06:34 INFO  [main] tests.StepDefinitionForSalesForce StepDefinitionForSalesForce.java55 - inside Cucumber Given
20230303 22:06:37 INFO  [main] tests.StepDefinitionForSalesForce StepDefinitionForSalesForce.java99 - inside TC2 Correct Username and Password
20230303 22:06:45 INFO  [main] tests.StepDefinitionForSalesForce StepDefinitionForSalesForce.java126 - inside TC3 Login with Remember Username
20230303 22:06:50 INFO  [main] tests.StepDefinitionForSalesForce StepDefinitionForSalesForce.java55 - inside Cucumber Given
20230303 22:06:52 INFO  [main] tests.StepDefinitionForSalesForce StepDefinitionForSalesForce.java152 - inside TC4A Forgot Password
20230303 22:07:00 INFO  [main] tests.StepDefinitionForSalesForce StepDefinitionForSalesForce.java55 - inside Cucumber Given
20230303 22:07:02 INFO  [main] tests.StepDefinitionForSalesForce StepDefinitionForSalesForce.java64 - inside TC1 Login Error Message
20230303 22:07:02 INFO  [main] tests.StepDefinitionForSalesForce StepDefinitionForSalesForce.java201 - inside TC4B wrong Username and wrong Password
